<?xml version='1.0' encoding='UTF-8'?>
<testsuite hostname="Davids-MacBook-Air.local" name="http.client.APIHttpRequesterSpec" tests="1" errors="0" failures="0" skipped="0" time="4.394" timestamp="2024-06-19T16:44:12">
          <properties>
      <property name="java.specification.version" value="21"/><property name="sun.jnu.encoding" value="UTF-8"/><property name="sun.arch.data.model" value="64"/><property name="java.vendor.url" value="https://java.oracle.com/"/><property name="sun.boot.library.path" value="/Users/davidpratt/Library/Java/JavaVirtualMachines/openjdk-21.0.2/Contents/Home/lib"/><property name="sun.java.command" value="/Users/davidpratt/.sdkman/candidates/sbt/1.8.2/bin/sbt-launch.jar integration / test"/><property name="jdk.debug" value="release"/><property name="java.specification.vendor" value="Oracle Corporation"/><property name="java.version.date" value="2024-01-16"/><property name="java.home" value="/Users/davidpratt/Library/Java/JavaVirtualMachines/openjdk-21.0.2/Contents/Home"/><property name="file.separator" value="/"/><property name="java.vm.compressedOopsMode" value="Zero based"/><property name="line.separator" value="
"/><property name="java.vm.specification.vendor" value="Oracle Corporation"/><property name="java.specification.name" value="Java Platform API Specification"/><property name="sun.management.compiler" value="HotSpot 64-Bit Tiered Compilers"/><property name="java.runtime.version" value="21.0.2+13-58"/><property name="user.name" value="davidpratt"/><property name="log4j.ignoreTCL" value="true"/><property name="file.encoding" value="UTF-8"/><property name="java.io.tmpdir" value="/var/folders/4_/5z79x_jn2tx9nsycn53_nfrw0000gn/T/"/><property name="java.version" value="21.0.2"/><property name="java.vm.specification.name" value="Java Virtual Machine Specification"/><property name="native.encoding" value="UTF-8"/><property name="java.library.path" value="/Users/davidpratt/Library/Java/Extensions:/Library/Java/Extensions:/Network/Library/Java/Extensions:/System/Library/Java/Extensions:/usr/lib/java:."/><property name="stderr.encoding" value="UTF-8"/><property name="java.vendor" value="Oracle Corporation"/><property name="scala.ext.dirs" value="/Users/davidpratt/.sbt/1.0/java9-rt-ext-oracle_corporation_21_0_2"/><property name="sun.io.unicode.encoding" value="UnicodeBig"/><property name="socksNonProxyHosts" value="local|*.local|169.254/16|*.169.254/16"/><property name="java.class.path" value="/Users/davidpratt/.sdkman/candidates/sbt/1.8.2/bin/sbt-launch.jar"/><property name="java.vm.vendor" value="Oracle Corporation"/><property name="jline.shutdownhook" value="false"/><property name="user.timezone" value="Europe/London"/><property name="java.vm.specification.version" value="21"/><property name="os.name" value="Mac OS X"/><property name="sun.java.launcher" value="SUN_STANDARD"/><property name="user.country" value="GB"/><property name="http.nonProxyHosts" value="local|*.local|169.254/16|*.169.254/16"/><property name="sun.cpu.endian" value="little"/><property name="user.home" value="/Users/davidpratt"/><property name="user.language" value="en"/><property name="sbt.script" value="/Users/davidpratt/.sdkman/candidates/sbt/current/bin/sbt"/><property name="sbt.ipcsocket.tmpdir" value="/var/folders/4_/5z79x_jn2tx9nsycn53_nfrw0000gn/T/.sbtbfccc2f1/ipcsocket"/><property name="swoval.tmpdir" value="/var/folders/4_/5z79x_jn2tx9nsycn53_nfrw0000gn/T/.sbtbfccc2f1/swoval"/><property name="apple.awt.application.name" value="Boot"/><property name="jline.esc.timeout" value="0"/><property name="ftp.nonProxyHosts" value="local|*.local|169.254/16|*.169.254/16"/><property name="stdout.encoding" value="UTF-8"/><property name="path.separator" value=":"/><property name="os.version" value="14.5"/><property name="jna.nosys" value="true"/><property name="java.runtime.name" value="OpenJDK Runtime Environment"/><property name="java.vm.name" value="OpenJDK 64-Bit Server VM"/><property name="java.vendor.url.bug" value="https://bugreport.java.com/bugreport/"/><property name="user.dir" value="/Users/davidpratt/workspace/Scala3/zio-sttp-wiremock-example-scala3"/><property name="os.arch" value="aarch64"/><property name="java.vm.info" value="mixed mode, sharing"/><property name="java.vm.version" value="21.0.2+13-58"/><property name="java.class.version" value="65.0"/>
    </properties>
          <testcase classname="http.client.APIHttpRequesterSpec" name="APIHttpRequester - can successfully make a request" time="4.394">
                      
                    </testcase>
          <system-out><![CDATA[]]></system-out>
          <system-err><![CDATA[]]></system-err>
        </testsuite>